<?xml version="1.0" encoding="UTF-8"?>
<testsuite xmlns:xsi="http://www.w3.org/2001/XMLSchema-instance" xsi:noNamespaceSchemaLocation="https://maven.apache.org/surefire/maven-surefire-plugin/xsd/surefire-test-report-3.0.xsd" version="3.0" name="com.example.myapp.config.SecurityConfigTest" time="9.785" tests="3" errors="0" skipped="0" failures="0">
  <properties>
[...]
</properties>
  <testcase name="testPublicEndpointIsAccessible" classname="com.example.myapp.config.SecurityConfigTest" time="1.437">
    <system-out><![CDATA[19:37:55.325 [main] INFO org.springframework.test.context.support.AnnotationConfigContextLoaderUtils -- Could not detect default configuration classes for test class [com.example.myapp.config.SecurityConfigTest]: SecurityConfigTest does not declare any static, non-private, non-final, nested classes annotated with @Configuration.
19:37:55.564 [main] INFO org.springframework.boot.test.context.SpringBootTestContextBootstrapper -- Found @SpringBootConfiguration com.example.myapp.MyAppApplication for test class com.example.myapp.config.SecurityConfigTest

  .   ____          _            __ _ _
 /\\ / ___'_ __ _ _(_)_ __  __ _ \ \ \ \
( ( )\___ | '_ | '_| | '_ \/ _` | \ \ \ \
 \\/  ___)| |_)| | | | | || (_| |  ) ) ) )
  '  |____| .__|_| |_|_| |_\__, | / / / /
 =========|_|==============|___/=/_/_/_/
 :: Spring Boot ::                (v3.2.5)

2026-08-14T19:37:56.713+02:00  INFO 20992 --- [myapp] [           main] c.e.myapp.config.SecurityConfigTest      : Starting SecurityConfigTest using Java 22.0.2 with PID 20992 (started by vase_ in C:\Users\vase_\Desktop\api)
2026-08-14T19:37:56.715+02:00  INFO 20992 --- [myapp] [           main] c.e.myapp.config.SecurityConfigTest      : No active profile set, falling back to 1 default profile: "default"
2026-08-14T19:37:58.601+02:00 ERROR 20992 --- [myapp] [           main] com.gigaspaces.security.openid           : Error while reading security properties - C:\Users\vase_\Desktop\api\config\security\security.properties (The system cannot find the path specified)
2026-08-14T19:37:58.841+02:00  INFO 20992 --- [myapp] [           main] com.gigaspaces.container                 : Starting space...
**************************************************** System Report *****************************************************
GigaSpaces XAP 16.4.0
    Home: C:\Users\vase_\Desktop\api
    Lookup Groups: xap-16.4.0
    Lookup Locators: 
Java:
    Java Runtime: OpenJDK Runtime Environment 22.0.2+9 (Eclipse Adoptium)
    Java VM: OpenJDK 64-Bit Server VM 22.0.2+9 (Eclipse Adoptium)
    Java Home: C:\Users\vase_\.jdks\jdk-22\jdk-22.0.2+9
    Memory: Currently used 69MB, Current heap size 83MB, Max heap size 4108MB
Operating System: Windows 11 [version=10.0, architecture=amd64, processors=32]
Process Id: 20992
Username: vase_
Network:
    Local Host: [73N37-Lenovo/82.211.201.4] 
    ethernet_32768: Realtek PCIe GbE Family Controller [IP addresses: fe80:0:0:0:65bd:da55:ad92:cca3%ethernet_32768 | 2a03:19c0:8009:2300:bdc2:83c8:adee:d154 | 2a03:19c0:8009:2300:a4ef:aaaa:d332:71e0 | 82.211.201.4]
************************************************************************************************************************
2026-08-14T19:37:59.474+02:00  INFO 20992 --- [myapp] [           main] com.sun.jini.reggie.GigaRegistrar        : Starting Lookup Service...
2026-08-14T19:37:59.703+02:00  INFO 20992 --- [myapp] [           main] com.gigaspaces.lrmi                      : Listening to incoming connections on /82.211.201.4:8200 (reader threads: 4, writer threads: 4)
2026-08-14T19:37:59.788+02:00  INFO 20992 --- [myapp] [           main] com.sun.jini.reggie.GigaRegistrar        : Started Lookup Service [duration=0.314s, groups=[xap-16.4.0], service-id=9582b22c-a718-425c-a8eb-b208969c8e5e, locator=jini://82.211.201.4:4174/]
2026-08-14T19:38:00.937+02:00  INFO 20992 --- [myapp] [           main] com.gigaspaces.space.mySpace             : Space started [duration=2.23s, url=/./mySpace?schema=default&groups=xap-16.4.0&state=started, policy=all-in-cache, persistency-mode=memory]
2026-08-14T19:38:01.888+02:00  INFO 20992 --- [myapp] [           main] o.s.s.web.DefaultSecurityFilterChain     : Will secure any request with [org.springframework.security.web.session.DisableEncodeUrlFilter@28f95943, org.springframework.security.web.context.request.async.WebAsyncManagerIntegrationFilter@717ca1ee, org.springframework.security.web.context.SecurityContextHolderFilter@6360a442, org.springframework.security.web.header.HeaderWriterFilter@6ffb07a4, org.springframework.web.filter.CorsFilter@20fe60ea, org.springframework.security.web.csrf.CsrfFilter@136cb5b5, org.springframework.security.web.authentication.logout.LogoutFilter@39c9272, org.springframework.security.oauth2.server.resource.web.authentication.BearerTokenAuthenticationFilter@607624b7, org.springframework.security.web.savedrequest.RequestCacheAwareFilter@72c21c9f, org.springframework.security.web.servletapi.SecurityContextHolderAwareRequestFilter@664724e7, org.springframework.security.web.authentication.AnonymousAuthenticationFilter@2097dc16, org.springframework.security.web.access.ExceptionTranslationFilter@66d2ed64, org.springframework.security.web.access.intercept.AuthorizationFilter@63bbddd5]
2026-08-14T19:38:02.413+02:00  INFO 20992 --- [myapp] [           main] o.s.j.d.e.EmbeddedDatabaseFactory        : Starting embedded database: url='jdbc:hsqldb:mem:acd7549f-cb85-4d92-ad5e-bc4bc40acb82', username='sa'
2026-08-14T19:38:03.199+02:00  INFO 20992 --- [myapp] [           main] o.s.b.t.m.w.SpringBootMockServletContext : Initializing Spring TestDispatcherServlet ''
2026-08-14T19:38:03.200+02:00  INFO 20992 --- [myapp] [           main] o.s.t.web.servlet.TestDispatcherServlet  : Initializing Servlet ''
2026-08-14T19:38:03.201+02:00  INFO 20992 --- [myapp] [           main] o.s.t.web.servlet.TestDispatcherServlet  : Completed initialization in 1 ms
2026-08-14T19:38:03.230+02:00  INFO 20992 --- [myapp] [           main] c.e.myapp.config.SecurityConfigTest      : Started SecurityConfigTest in 7.322 seconds (process running for 9.987)
]]></system-out>
    <system-err><![CDATA[WARNING: A Java agent has been loaded dynamically (C:\Users\vase_\.m2\repository\net\bytebuddy\byte-buddy-agent\1.14.13\byte-buddy-agent-1.14.13.jar)
WARNING: If a serviceability tool is in use, please run with -XX:+EnableDynamicAgentLoading to hide this warning
WARNING: If a serviceability tool is not in use, please run with -Djdk.instrument.traceUsage for more information
WARNING: Dynamic loading of agents will be disallowed by default in a future release
]]></system-err>
  </testcase>
  <testcase name="testCorsPreflightIsAllowed" classname="com.example.myapp.config.SecurityConfigTest" time="0.009"/>
  <testcase name="testSecuredEndpointReturns401WithoutToken" classname="com.example.myapp.config.SecurityConfigTest" time="0.012"/>
</testsuite>