<?xml version="1.0" encoding="UTF-8"?>
<testsuite xmlns:xsi="http://www.w3.org/2001/XMLSchema-instance" xsi:noNamespaceSchemaLocation="https://maven.apache.org/surefire/maven-surefire-plugin/xsd/surefire-test-report-3.0.xsd" version="3.0" name="com.example.myapp.cucumber.CucumberTest" time="11.597" tests="7" errors="0" skipped="0" failures="0">
  <properties>
[...]
</properties>
  <testcase name="Access public endpoint" classname="API Access" time="10.919">
    <system-out><![CDATA[
  .   ____          _            __ _ _
 /\\ / ___'_ __ _ _(_)_ __  __ _ \ \ \ \
( ( )\___ | '_ | '_| | '_ \/ _` | \ \ \ \
 \\/  ___)| |_)| | | | | || (_| |  ) ) ) )
  '  |____| .__|_| |_|_| |_\__, | / / / /
 =========|_|==============|___/=/_/_/_/
 :: Spring Boot ::                (v3.2.5)

2026-08-14T16:02:36.087+02:00  INFO 13964 --- [myapp] [           main] c.e.myapp.cucumber.StepDefinitions       : Starting StepDefinitions using Java 22.0.2 with PID 13964 (started by vase_ in C:\Users\vase_\Desktop\api)
2026-08-14T16:02:36.093+02:00  INFO 13964 --- [myapp] [           main] c.e.myapp.cucumber.StepDefinitions       : No active profile set, falling back to 1 default profile: "default"
2026-08-14T16:02:38.673+02:00  INFO 13964 --- [myapp] [           main] o.s.b.w.embedded.tomcat.TomcatWebServer  : Tomcat initialized with port 0 (http)
2026-08-14T16:02:38.704+02:00  INFO 13964 --- [myapp] [           main] o.apache.catalina.core.StandardService   : Starting service [Tomcat]
2026-08-14T16:02:38.704+02:00  INFO 13964 --- [myapp] [           main] o.apache.catalina.core.StandardEngine    : Starting Servlet engine: [Apache Tomcat/10.1.20]
2026-08-14T16:02:38.828+02:00  INFO 13964 --- [myapp] [           main] o.a.c.c.C.[Tomcat].[localhost].[/]       : Initializing Spring embedded WebApplicationContext
2026-08-14T16:02:38.830+02:00  INFO 13964 --- [myapp] [           main] w.s.c.ServletWebServerApplicationContext : Root WebApplicationContext: initialization completed in 2690 ms
2026-08-14T16:02:39.045+02:00 ERROR 13964 --- [myapp] [           main] com.gigaspaces.security.openid           : Error while reading security properties - C:\Users\vase_\Desktop\api\config\security\security.properties (The system cannot find the path specified)
2026-08-14T16:02:39.249+02:00  INFO 13964 --- [myapp] [           main] com.gigaspaces.container                 : Starting space...
**************************************************** System Report *****************************************************
GigaSpaces XAP 16.4.0
    Home: C:\Users\vase_\Desktop\api
    Lookup Groups: xap-16.4.0
    Lookup Locators: 
Java:
    Java Runtime: OpenJDK Runtime Environment 22.0.2+9 (Eclipse Adoptium)
    Java VM: OpenJDK 64-Bit Server VM 22.0.2+9 (Eclipse Adoptium)
    Java Home: C:\Users\vase_\.jdks\jdk-22\jdk-22.0.2+9
    Memory: Currently used 66MB, Current heap size 85MB, Max heap size 4108MB
Operating System: Windows 11 [version=10.0, architecture=amd64, processors=32]
Process Id: 13964
Username: vase_
Network:
    Local Host: [73N37-Lenovo/82.211.201.4] 
    ethernet_32768: Realtek PCIe GbE Family Controller [IP addresses: fe80:0:0:0:65bd:da55:ad92:cca3%ethernet_32768 | 2a03:19c0:8009:2300:bdc2:83c8:adee:d154 | 2a03:19c0:8009:2300:a4ef:aaaa:d332:71e0 | 82.211.201.4]
************************************************************************************************************************
2026-08-14T16:02:39.886+02:00  INFO 13964 --- [myapp] [           main] com.sun.jini.reggie.GigaRegistrar        : Starting Lookup Service...
2026-08-14T16:02:40.109+02:00  INFO 13964 --- [myapp] [           main] com.gigaspaces.lrmi                      : Listening to incoming connections on /82.211.201.4:8200 (reader threads: 4, writer threads: 4)
2026-08-14T16:02:40.179+02:00  INFO 13964 --- [myapp] [           main] com.sun.jini.reggie.GigaRegistrar        : Started Lookup Service [duration=0.293s, groups=[xap-16.4.0], service-id=ef42e78f-90d3-4f5b-888f-7b826c027771, locator=jini://82.211.201.4:4174/]
2026-08-14T16:02:41.210+02:00  INFO 13964 --- [myapp] [           main] com.gigaspaces.space.mySpace             : Space started [duration=2.079s, url=/./mySpace?schema=default&groups=xap-16.4.0&state=started, policy=all-in-cache, persistency-mode=memory]
2026-08-14T16:02:42.324+02:00  INFO 13964 --- [myapp] [           main] o.s.s.web.DefaultSecurityFilterChain     : Will secure any request with [org.springframework.security.web.session.DisableEncodeUrlFilter@48649202, org.springframework.security.web.context.request.async.WebAsyncManagerIntegrationFilter@6324aad8, org.springframework.security.web.context.SecurityContextHolderFilter@3cf3616c, org.springframework.security.web.header.HeaderWriterFilter@1ad2f5da, org.springframework.web.filter.CorsFilter@57b97628, org.springframework.security.web.csrf.CsrfFilter@13ebc126, org.springframework.security.web.authentication.logout.LogoutFilter@36461330, org.springframework.security.oauth2.server.resource.web.authentication.BearerTokenAuthenticationFilter@42611ed, org.springframework.security.web.savedrequest.RequestCacheAwareFilter@699d8618, org.springframework.security.web.servletapi.SecurityContextHolderAwareRequestFilter@51c8261f, org.springframework.security.web.authentication.AnonymousAuthenticationFilter@63cdd551, org.springframework.security.web.access.ExceptionTranslationFilter@a0632db, org.springframework.security.web.access.intercept.AuthorizationFilter@2d8d3b6f]
2026-08-14T16:02:42.768+02:00  INFO 13964 --- [myapp] [           main] o.s.j.d.e.EmbeddedDatabaseFactory        : Starting embedded database: url='jdbc:hsqldb:mem:f71d5e7a-7d47-467c-83d4-f618a2d1e717', username='sa'
2026-08-14 16:02:43,581 CONFIG [com.gigaspaces.logger] - Log file: C:\Users\vase_\Desktop\api\logs\2026-08-14~16.02-gigaspaces-service-82.211.201.4-13964.log
2026-08-14T16:02:43.611+02:00  INFO 13964 --- [myapp] [           main] o.s.b.w.embedded.tomcat.TomcatWebServer  : Tomcat started on port 59388 (http) with context path ''
2026-08-14T16:02:43.624+02:00  INFO 13964 --- [myapp] [           main] c.e.myapp.cucumber.StepDefinitions       : Started StepDefinitions in 8.431 seconds (process running for 11.067)
2026-08-14T16:02:45.361+02:00  INFO 13964 --- [myapp] [o-auto-1-exec-1] o.s.web.servlet.DispatcherServlet        : Initializing Servlet 'dispatcherServlet'
2026-08-14T16:02:45.362+02:00  INFO 13964 --- [myapp] [o-auto-1-exec-1] o.s.web.servlet.DispatcherServlet        : Completed initialization in 1 ms
]]></system-out>
    <system-err><![CDATA[2026-08-14 16:02:43,573  INFO [org.apache.coyote.http11.Http11NioProtocol] - Starting ProtocolHandler ["http-nio-auto-1"]
WARNING: A Java agent has been loaded dynamically (C:\Users\vase_\.m2\repository\net\bytebuddy\byte-buddy-agent\1.14.13\byte-buddy-agent-1.14.13.jar)
WARNING: If a serviceability tool is in use, please run with -XX:+EnableDynamicAgentLoading to hide this warning
WARNING: If a serviceability tool is not in use, please run with -Djdk.instrument.traceUsage for more information
WARNING: Dynamic loading of agents will be disallowed by default in a future release
2026-08-14 16:02:45,360  INFO [org.apache.catalina.core.ContainerBase.[Tomcat].[localhost].[/]] - Initializing Spring DispatcherServlet 'dispatcherServlet'
]]></system-err>
  </testcase>
  <testcase name="Access secured endpoint without token" classname="API Access" time="0.031"/>
  <testcase name="Write and read from jSpaces" classname="jSpaces Caching Behavior" time="0.139"/>
  <testcase name="Update an existing item in jSpaces" classname="jSpaces Caching Behavior" time="0.017"/>
  <testcase name="Read a non-existent item from jSpaces" classname="jSpaces Caching Behavior" time="0.013"/>
  <testcase name="Delete an item from jSpaces" classname="jSpaces Caching Behavior" time="0.016"/>
  <testcase name="Fail to write an item with an empty id" classname="jSpaces Caching Behavior" time="0.014"/>
</testsuite>