<?xml version="1.0" encoding="UTF-8"?>
<testsuite xmlns:xsi="http://www.w3.org/2001/XMLSchema-instance" xsi:noNamespaceSchemaLocation="https://maven.apache.org/surefire/maven-surefire-plugin/xsd/surefire-test-report-3.0.xsd" version="3.0" name="com.example.myapp.cucumber.CucumberTest" time="2.83" tests="7" errors="0" skipped="0" failures="0">
  <properties>
[...]
</properties>
  <testcase name="Access public endpoint" classname="API Access" time="2.297">
    <system-out><![CDATA[
  .   ____          _            __ _ _
 /\\ / ___'_ __ _ _(_)_ __  __ _ \ \ \ \
( ( )\___ | '_ | '_| | '_ \/ _` | \ \ \ \
 \\/  ___)| |_)| | | | | || (_| |  ) ) ) )
  '  |____| .__|_| |_|_| |_\__, | / / / /
 =========|_|==============|___/=/_/_/_/
 :: Spring Boot ::                (v3.2.5)

2026-08-14T19:38:06.243+02:00  INFO 20992 --- [myapp] [           main] c.e.myapp.cucumber.StepDefinitions       : Starting StepDefinitions using Java 22.0.2 with PID 20992 (started by vase_ in C:\Users\vase_\Desktop\api)
2026-08-14T19:38:06.244+02:00  INFO 20992 --- [myapp] [           main] c.e.myapp.cucumber.StepDefinitions       : No active profile set, falling back to 1 default profile: "default"
2026-08-14T19:38:07.142+02:00  INFO 20992 --- [myapp] [           main] o.s.b.w.embedded.tomcat.TomcatWebServer  : Tomcat initialized with port 0 (http)
2026-08-14 19:38:07,198 CONFIG [com.gigaspaces.logger] - Log file: C:\Users\vase_\Desktop\api\logs\2026-08-14~19.38-gigaspaces-service-82.211.201.4-20992.log
2026-08-14T19:38:07.387+02:00  INFO 20992 --- [myapp] [           main] w.s.c.ServletWebServerApplicationContext : Root WebApplicationContext: initialization completed in 1138 ms
2026-08-14T19:38:07.696+02:00  INFO 20992 --- [myapp] [           main] o.s.s.web.DefaultSecurityFilterChain     : Will secure any request with [org.springframework.security.web.session.DisableEncodeUrlFilter@30dc3d90, org.springframework.security.web.context.request.async.WebAsyncManagerIntegrationFilter@7df12c63, org.springframework.security.web.context.SecurityContextHolderFilter@3ac49cfb, org.springframework.security.web.header.HeaderWriterFilter@50b2fe37, org.springframework.web.filter.CorsFilter@4f0d3d19, org.springframework.security.web.csrf.CsrfFilter@3775564e, org.springframework.security.web.authentication.logout.LogoutFilter@79806a56, org.springframework.security.oauth2.server.resource.web.authentication.BearerTokenAuthenticationFilter@4af43c42, org.springframework.security.web.savedrequest.RequestCacheAwareFilter@279e7acb, org.springframework.security.web.servletapi.SecurityContextHolderAwareRequestFilter@20391068, org.springframework.security.web.authentication.AnonymousAuthenticationFilter@24f01e96, org.springframework.security.web.access.ExceptionTranslationFilter@6502e0e, org.springframework.security.web.access.intercept.AuthorizationFilter@45cee004]
2026-08-14T19:38:07.759+02:00  INFO 20992 --- [myapp] [           main] o.s.j.d.e.EmbeddedDatabaseFactory        : Starting embedded database: url='jdbc:hsqldb:mem:307c4cc9-1c47-4850-bffa-20d6b4fcecc6', username='sa'
2026-08-14T19:38:07.952+02:00  INFO 20992 --- [myapp] [           main] o.s.b.w.embedded.tomcat.TomcatWebServer  : Tomcat started on port 53211 (http) with context path ''
2026-08-14T19:38:07.959+02:00  INFO 20992 --- [myapp] [           main] c.e.myapp.cucumber.StepDefinitions       : Started StepDefinitions in 1.809 seconds (process running for 14.717)
2026-08-14T19:38:08.297+02:00  INFO 20992 --- [myapp] [o-auto-1-exec-1] o.s.web.servlet.DispatcherServlet        : Initializing Servlet 'dispatcherServlet'
2026-08-14T19:38:08.300+02:00  INFO 20992 --- [myapp] [o-auto-1-exec-1] o.s.web.servlet.DispatcherServlet        : Completed initialization in 1 ms
]]></system-out>
    <system-err><![CDATA[2026-08-14 19:38:07,186  INFO [org.apache.coyote.http11.Http11NioProtocol] - Initializing ProtocolHandler ["http-nio-auto-1"]
2026-08-14 19:38:07,206  INFO [org.apache.catalina.core.StandardService] - Starting service [Tomcat]
2026-08-14 19:38:07,208  INFO [org.apache.catalina.core.StandardEngine] - Starting Servlet engine: [Apache Tomcat/10.1.20]
2026-08-14 19:38:07,386  INFO [org.apache.catalina.core.ContainerBase.[Tomcat].[localhost].[/]] - Initializing Spring embedded WebApplicationContext
2026-08-14 19:38:07,922  INFO [org.apache.coyote.http11.Http11NioProtocol] - Starting ProtocolHandler ["http-nio-auto-1"]
2026-08-14 19:38:08,297  INFO [org.apache.catalina.core.ContainerBase.[Tomcat].[localhost].[/]] - Initializing Spring DispatcherServlet 'dispatcherServlet'
]]></system-err>
  </testcase>
  <testcase name="Access secured endpoint without token" classname="API Access" time="0.039"/>
  <testcase name="Write and read from jSpaces" classname="jSpaces Caching Behavior" time="0.189"/>
  <testcase name="Update an existing item in jSpaces" classname="jSpaces Caching Behavior" time="0.019"/>
  <testcase name="Read a non-existent item from jSpaces" classname="jSpaces Caching Behavior" time="0.015"/>
  <testcase name="Delete an item from jSpaces" classname="jSpaces Caching Behavior" time="0.02"/>
  <testcase name="Fail to write an item with an empty id" classname="jSpaces Caching Behavior" time="0.014"/>
</testsuite>