<?xml version="1.0" encoding="UTF-8"?>
<testsuite xmlns:xsi="http://www.w3.org/2001/XMLSchema-instance" xsi:noNamespaceSchemaLocation="https://maven.apache.org/surefire/maven-surefire-plugin/xsd/surefire-test-report-3.0.xsd" version="3.0" name="com.example.myapp.service.CacheServiceTest" time="1.475" tests="10" errors="0" skipped="0" failures="0">
  <properties>
[...]
</properties>
  <testcase name="readFromCache_Success" classname="com.example.myapp.service.CacheServiceTest" time="1.379"/>
  <testcase name="readFromCache_EmptyId" classname="com.example.myapp.service.CacheServiceTest" time="0.01"/>
  <testcase name="writeToCache_NullId" classname="com.example.myapp.service.CacheServiceTest" time="0.006"/>
  <testcase name="deleteFromCache_NullId" classname="com.example.myapp.service.CacheServiceTest" time="0.004"/>
  <testcase name="readFromCache_NullId" classname="com.example.myapp.service.CacheServiceTest" time="0.005"/>
  <testcase name="writeToCache_Success" classname="com.example.myapp.service.CacheServiceTest" time="0.032"/>
  <testcase name="writeToCache_EmptyId" classname="com.example.myapp.service.CacheServiceTest" time="0.004"/>
  <testcase name="deleteFromCache_Success" classname="com.example.myapp.service.CacheServiceTest" time="0.005"/>
  <testcase name="deleteFromCache_EmptyId" classname="com.example.myapp.service.CacheServiceTest" time="0.004"/>
  <testcase name="readFromCache_NotFound" classname="com.example.myapp.service.CacheServiceTest" time="0.004"/>
</testsuite>